 -------------------------
 check_magfie: s         =   0.50000000000000000     
 check_magfie: R0        =    101.45890200000001     
 check_magfie: a         =    13.299223000000000     
 check_magfie: eps       =    7.0647556678957307E-002
 check_magfie: A         =    14.154771191087129     
 check_magfie: psi_pr    =    180000.00074924968     
 check_magfie: B0        =    3388.1026500000271     
 check_magfie: Bthcov    =   -2324.1883400000002     
 check_magfie: Bphcov    =   -144319.63360000000     
 check_magfie: dBthcovds =   -5420.7068300000019     
 check_magfie: dBphcovds =    3124.8182499999539     
 check_magfie: q         =   0.86667769600702604     
 check_magfie: iota      =    1.1538314700000001     
 check_magfie: dVds      =    91695.401301839040     
 check_magfie: M_t       =    1.0000000000000000E-002
 check_magfie: Om_tE     =    9856.2075903403711     
 check_magfie: Om_tBref  =   -5798231.0019507371     
 check_magfie: vth       =    100000000.00000000     
 check_magfie: T [eV]    =    10436.816966425662     
 check_magfie: m0        =    0.0000000000000000     
 check_magfie: n0        =    4.0000000000000000     
 check_magfie: Dp        =    6366199.8076601801     
 check_magfie: Drp/Dp    =    1567.5029736381798     
 check_magfie: etatp     =    2.7714851274183452E-004
 check_magfie: etadt     =    3.1882239573385255E-004
 -------------------------
 check_magfie: pertfile  =  F
